stress-ng: info:  [88787] dispatching hogs: 16 dccp
stress-ng: fail:  [88811] stress-ng-dccp: socket failed, errno=13 (Permission denied)
stress-ng: fail:  [88812] stress-ng-dccp: socket failed, errno=13 (Permission denied)
stress-ng: fail:  [88813] stress-ng-dccp: socket failed, errno=13 (Permission denied)
stress-ng: fail:  [88814] stress-ng-dccp: socket failed, errno=13 (Permission denied)
stress-ng: fail:  [88815] stress-ng-dccp: socket failed, errno=13 (Permission denied)
stress-ng: fail:  [88816] stress-ng-dccp: socket failed, errno=13 (Permission denied)
stress-ng: fail:  [88818] stress-ng-dccp: socket failed, errno=13 (Permission denied)
stress-ng: fail:  [88821] stress-ng-dccp: socket failed, errno=13 (Permission denied)
stress-ng: fail:  [88822] stress-ng-dccp: socket failed, errno=13 (Permission denied)
stress-ng: fail:  [88825] stress-ng-dccp: socket failed, errno=13 (Permission denied)
stress-ng: error: [88787] process 88811 (stress-ng-dccp) terminated with an error, exit status=2 (stressor failed)
stress-ng: error: [88787] process 88812 (stress-ng-dccp) terminated with an error, exit status=2 (stressor failed)
stress-ng: error: [88787] process 88813 (stress-ng-dccp) terminated with an error, exit status=2 (stressor failed)
stress-ng: fail:  [88827] stress-ng-dccp: socket failed, errno=13 (Permission denied)
stress-ng: error: [88787] process 88814 (stress-ng-dccp) terminated with an error, exit status=2 (stressor failed)
stress-ng: fail:  [88829] stress-ng-dccp: socket failed, errno=13 (Permission denied)
stress-ng: fail:  [88830] stress-ng-dccp: socket failed, errno=13 (Permission denied)
stress-ng: error: [88787] process 88815 (stress-ng-dccp) terminated with an error, exit status=2 (stressor failed)
stress-ng: error: [88787] process 88816 (stress-ng-dccp) terminated with an error, exit status=2 (stressor failed)
stress-ng: fail:  [88832] stress-ng-dccp: socket failed, errno=13 (Permission denied)
stress-ng: fail:  [88834] stress-ng-dccp: socket failed, errno=13 (Permission denied)
stress-ng: error: [88787] process 88818 (stress-ng-dccp) terminated with an error, exit status=2 (stressor failed)
stress-ng: error: [88787] process 88821 (stress-ng-dccp) terminated with an error, exit status=2 (stressor failed)
stress-ng: error: [88787] process 88822 (stress-ng-dccp) terminated with an error, exit status=2 (stressor failed)
stress-ng: fail:  [88836] stress-ng-dccp: socket failed, errno=13 (Permission denied)
stress-ng: error: [88787] process 88825 (stress-ng-dccp) terminated with an error, exit status=2 (stressor failed)
stress-ng: error: [88787] process 88827 (stress-ng-dccp) terminated with an error, exit status=2 (stressor failed)
stress-ng: error: [88787] process 88829 (stress-ng-dccp) terminated with an error, exit status=2 (stressor failed)
stress-ng: error: [88787] process 88830 (stress-ng-dccp) terminated with an error, exit status=2 (stressor failed)
stress-ng: error: [88787] process 88832 (stress-ng-dccp) terminated with an error, exit status=2 (stressor failed)
stress-ng: error: [88787] process 88834 (stress-ng-dccp) terminated with an error, exit status=2 (stressor failed)
stress-ng: error: [88787] process 88836 (stress-ng-dccp) terminated with an error, exit status=2 (stressor failed)
stress-ng: info:  [88787] unsuccessful run completed in 0.00s
stress-ng: info:  [88787] stressor       bogo ops real time  usr time  sys time   bogo ops/s     bogo ops/s CPU used per
stress-ng: info:  [88787]                           (secs)    (secs)    (secs)   (real time) (usr+sys time) instance (%)
stress-ng: info:  [88787] dccp                  0      0.00      0.00      0.00         0.00           0.00         0.00
stress-ng: info:  [88787] dccp               0.00 messages per sec (average per stressor)
